<?xml version="1.0" encoding="UTF-8"?>
<testsuite name="Login Tests"
           tests="1999"
           failures="2"
           errors="0"
           skipped="1997"
           time="0.022">
  <properties />
            <testcase name="takeScreenshot" time="0.002" classname="testcase.TC_LoginTest">
                <failure type="java.lang.NullPointerException"
                  message="Cannot invoke &quot;String.indexOf(int)&quot; because &quot;email&quot; is null"
              >
                    <![CDATA[java.lang.NullPointerException: Cannot invoke "String.indexOf(int)" because "email" is null
  testcase.TC_LoginTest.takeScreenshot(TC_LoginTest.java:97)
  java.base/jdk.internal.reflect.DirectMethodHandleAccessor.invoke(DirectMethodHandleAccessor.java:103)
  java.base/java.lang.reflect.Method.invoke(Method.java:580)
  org.testng.internal.invokers.MethodInvocationHelper.invokeMethod(MethodInvocationHelper.java:141)
  org.testng.internal.invokers.MethodInvocationHelper.invokeMethodConsideringTimeout(MethodInvocationHelper.java:71)
  org.testng.internal.invokers.ConfigInvoker.invokeConfigurationMethod(ConfigInvoker.java:400)
  org.testng.internal.invokers.ConfigInvoker.invokeConfigurations(ConfigInvoker.java:333)
  org.testng.internal.invokers.TestInvoker.runConfigMethods(TestInvoker.java:833)
  org.testng.internal.invokers.TestInvoker.runAfterConfigurations(TestInvoker.java:802)
  org.testng.internal.invokers.TestInvoker.invokeMethod(TestInvoker.java:778)
  org.testng.internal.invokers.TestInvoker.invokeTestMethod(TestInvoker.java:230)
  org.testng.internal.invokers.MethodRunner.runInSequence(MethodRunner.java:63)
  org.testng.internal.invokers.TestInvoker$MethodInvocationAgent.invoke(TestInvoker.java:992)
  org.testng.internal.invokers.TestInvoker.invokeTestMethods(TestInvoker.java:203)
  org.testng.internal.invokers.TestMethodWorker.invokeTestMethods(TestMethodWorker.java:154)
  org.testng.internal.invokers.TestMethodWorker.run(TestMethodWorker.java:134)
  java.base/java.util.ArrayList.forEach(ArrayList.java:1597)
  org.testng.TestRunner.privateRun(TestRunner.java:739)
  org.testng.TestRunner.run(TestRunner.java:614)
  org.testng.SuiteRunner.runTest(SuiteRunner.java:421)
  org.testng.SuiteRunner.runSequentially(SuiteRunner.java:413)
  org.testng.SuiteRunner.privateRun(SuiteRunner.java:373)
  org.testng.SuiteRunner.run(SuiteRunner.java:312)
  org.testng.SuiteRunnerWorker.runSuite(SuiteRunnerWorker.java:52)
  org.testng.SuiteRunnerWorker.run(SuiteRunnerWorker.java:95)
  org.testng.TestNG.runSuitesSequentially(TestNG.java:1274)
  org.testng.TestNG.runSuitesLocally(TestNG.java:1208)
  org.testng.TestNG.runSuites(TestNG.java:1112)
  org.testng.TestNG.run(TestNG.java:1079)
  com.intellij.rt.testng.IDEARemoteTestNG.run(IDEARemoteTestNG.java:65)
  com.intellij.rt.testng.RemoteTestNGStarter.main(RemoteTestNGStarter.java:105)
]]>
                </failure>

          </testcase>
            <testcase name="TC01_LoginFirstAccount" time="0.004" classname="testcase.TC_LoginTest">
                <failure type="java.lang.NullPointerException"
                  message="Cannot invoke &quot;java.util.Properties.getProperty(String)&quot; because &quot;com.automation.utils.PropertiesFileUtils.properties&quot; is null"
              >
                    <![CDATA[java.lang.NullPointerException: Cannot invoke "java.util.Properties.getProperty(String)" because "com.automation.utils.PropertiesFileUtils.properties" is null
  com.automation.utils.PropertiesFileUtils.getProperty(PropertiesFileUtils.java:21)
  testcase.TC_LoginTest.TC01_LoginFirstAccount(TC_LoginTest.java:30)
  java.base/jdk.internal.reflect.DirectMethodHandleAccessor.invoke(DirectMethodHandleAccessor.java:103)
  java.base/java.lang.reflect.Method.invoke(Method.java:580)
  org.testng.internal.invokers.MethodInvocationHelper.invokeMethod(MethodInvocationHelper.java:141)
  org.testng.internal.invokers.TestInvoker.invokeMethod(TestInvoker.java:686)
  org.testng.internal.invokers.TestInvoker.invokeTestMethod(TestInvoker.java:230)
  org.testng.internal.invokers.MethodRunner.runInSequence(MethodRunner.java:63)
  org.testng.internal.invokers.TestInvoker$MethodInvocationAgent.invoke(TestInvoker.java:992)
  org.testng.internal.invokers.TestInvoker.invokeTestMethods(TestInvoker.java:203)
  org.testng.internal.invokers.TestMethodWorker.invokeTestMethods(TestMethodWorker.java:154)
  org.testng.internal.invokers.TestMethodWorker.run(TestMethodWorker.java:134)
  java.base/java.util.ArrayList.forEach(ArrayList.java:1597)
  org.testng.TestRunner.privateRun(TestRunner.java:739)
  org.testng.TestRunner.run(TestRunner.java:614)
  org.testng.SuiteRunner.runTest(SuiteRunner.java:421)
  org.testng.SuiteRunner.runSequentially(SuiteRunner.java:413)
  org.testng.SuiteRunner.privateRun(SuiteRunner.java:373)
  org.testng.SuiteRunner.run(SuiteRunner.java:312)
  org.testng.SuiteRunnerWorker.runSuite(SuiteRunnerWorker.java:52)
  org.testng.SuiteRunnerWorker.run(SuiteRunnerWorker.java:95)
  org.testng.TestNG.runSuitesSequentially(TestNG.java:1274)
  org.testng.TestNG.runSuitesLocally(TestNG.java:1208)
  org.testng.TestNG.runSuites(TestNG.java:1112)
  org.testng.TestNG.run(TestNG.java:1079)
  com.intellij.rt.testng.IDEARemoteTestNG.run(IDEARemoteTestNG.java:65)
  com.intellij.rt.testng.RemoteTestNGStarter.main(RemoteTestNGStarter.java:105)
]]>
                </failure>

          </testcase>
  
            <testcase name="takeScreenshot" time="0.0" classname="testcase.TC_LoginTest">
          <skipped />
    </testcase>
            <testcase name="takeScreenshot" time="0.0" classname="testcase.TC_LoginTest">
          <skipped />
    </testcase>
            <testcase name="takeScreenshot" time="0.0" classname="testcase.TC_LoginTest">
          <skipped />
    </testcase>
            <testcase name="takeScreenshot" time="0.0" classname="testcase.TC_LoginTest">
          <skipped />
    </testcase>
            <testcase name="takeScreenshot" time="0.0" classname="testcase.TC_LoginTest">
          <skipped />
    </testcase>
            <testcase name="takeScreenshot" time="0.0" classname="testcase.TC_LoginTest">
          <skipped />
    </testcase>
            <testcase name="takeScreenshot" time="0.0" classname="testcase.TC_LoginTest">
          <skipped />
    </testcase>
            <testcase name="takeScreenshot" time="0.0" classname="testcase.TC_LoginTest">
          <skipped />
    </testcase>
            <testcase name="takeScreenshot" time="0.0" classname="testcase.TC_LoginTest">
          <skipped />
    </testcase>
            <testcase name="takeScreenshot" time="0.0" classname="testcase.TC_LoginTest">
          <skipped />
    </testcase>
            <testcase name="takeScreenshot" time="0.0" classname="testcase.TC_LoginTest">
          <skipped />
    </testcase>
            <testcase name="takeScreenshot" time="0.0" classname="testcase.TC_LoginTest">
          <skipped />
    </testcase>
            <testcase name="takeScreenshot" time="0.0" classname="testcase.TC_LoginTest">
          <skipped />
    </testcase>
            <testcase name="takeScreenshot" time="0.0" classname="testcase.TC_LoginTest">
          <skipped />
    </testcase>
            <testcase name="takeScreenshot" time="0.0" classname="testcase.TC_LoginTest">
          <skipped />
    </testcase>
            <testcase name="takeScreenshot" time="0.0" classname="testcase.TC_LoginTest">
          <skipped />
    </testcase>
            <testcase name="takeScreenshot" time="0.0" classname="testcase.TC_LoginTest">
          <skipped />
    </testcase>
            <testcase name="takeScreenshot" time="0.0" classname="testcase.TC_LoginTest">
          <skipped />
    </testcase>
            <testcase name="takeScreenshot" time="0.0" classname="testcase.TC_LoginTest">
          <skipped />
    </testcase>
            <testcase name="takeScreenshot" time="0.0" classname="testcase.TC_LoginTest">
          <skipped />
    </testcase>
            <testcase name="takeScreenshot" time="0.0" classname="testcase.TC_LoginTest">
          <skipped />
    </testcase>
            <testcase name="takeScreenshot" time="0.0" classname="testcase.TC_LoginTest">
          <skipped />
    </testcase>
            <testcase name="takeScreenshot" time="0.0" classname="testcase.TC_LoginTest">
          <skipped />
    </testcase>
            <testcase name="takeScreenshot" time="0.0" classname="testcase.TC_LoginTest">
          <skipped />
    </testcase>
            <testcase name="takeScreenshot" time="0.0" classname="testcase.TC_LoginTest">
          <skipped />
    </testcase>
            <testcase name="takeScreenshot" time="0.0" classname="testcase.TC_LoginTest">
          <skipped />
    </testcase>
            <testcase name="takeScreenshot" time="0.0" classname="testcase.TC_LoginTest">
          <skipped />
    </testcase>
            <testcase name="takeScreenshot" time="0.0" classname="testcase.TC_LoginTest">
          <skipped />
    </testcase>
            <testcase name="takeScreenshot" time="0.0" classname="testcase.TC_LoginTest">
          <skipped />
    </testcase>
            <testcase name="takeScreenshot" time="0.0" classname="testcase.TC_LoginTest">
          <skipped />
    </testcase>
            <testcase name="takeScreenshot" time="0.0" classname="testcase.TC_LoginTest">
          <skipped />
    </testcase>
            <testcase name="takeScreenshot" time="0.0" classname="testcase.TC_LoginTest">
          <skipped />
    </testcase>
            <testcase name="takeScreenshot" time="0.0" classname="testcase.TC_LoginTest">
          <skipped />
    </testcase>
            <testcase name="takeScreenshot" time="0.0" classname="testcase.TC_LoginTest">
          <skipped />
    </testcase>
            <testcase name="takeScreenshot" time="0.0" classname="testcase.TC_LoginTest">
          <skipped />
    </testcase>
            <testcase name="takeScreenshot" time="0.0" classname="testcase.TC_LoginTest">
          <skipped />
    </testcase>
            <testcase name="takeScreenshot" time="0.0" classname="testcase.TC_LoginTest">
          <skipped />
    </testcase>
            <testcase name="takeScreenshot" time="0.0" classname="testcase.TC_LoginTest">
          <skipped />
    </testcase>
            <testcase name="takeScreenshot" time="0.0" classname="testcase.TC_LoginTest">
          <skipped />
    </testcase>
            <testcase name="takeScreenshot" time="0.0" classname="testcase.TC_LoginTest">
          <skipped />
    </testcase>
            <testcase name="takeScreenshot" time="0.0" classname="testcase.TC_LoginTest">
          <skipped />
    </testcase>
            <testcase name="takeScreenshot" time="0.0" classname="testcase.TC_LoginTest">
          <skipped />
    </testcase>
            <testcase name="takeScreenshot" time="0.0" classname="testcase.TC_LoginTest">
          <skipped />
    </testcase>
            <testcase name="takeScreenshot" time="0.0" classname="testcase.TC_LoginTest">
          <skipped />
    </testcase>
            <testcase name="takeScreenshot" time="0.0" classname="testcase.TC_LoginTest">
          <skipped />
    </testcase>
            <testcase name="takeScreenshot" time="0.0" classname="testcase.TC_LoginTest">
          <skipped />
    </testcase>
            <testcase name="takeScreenshot" time="0.0" classname="testcase.TC_LoginTest">
          <skipped />
    </testcase>
            <testcase name="takeScreenshot" time="0.0" classname="testcase.TC_LoginTest">
          <skipped />
    </testcase>
            <testcase name="takeScreenshot" time="0.0" classname="testcase.TC_LoginTest">
          <skipped />
    </testcase>
            <testcase name="takeScreenshot" time="0.0" classname="testcase.TC_LoginTest">
          <skipped />
    </testcase>
            <testcase name="takeScreenshot" time="0.0" classname="testcase.TC_LoginTest">
          <skipped />
    </testcase>
            <testcase name="takeScreenshot" time="0.0" classname="testcase.TC_LoginTest">
          <skipped />
    </testcase>
            <testcase name="takeScreenshot" time="0.0" classname="testcase.TC_LoginTest">
          <skipped />
    </testcase>
            <testcase name="takeScreenshot" time="0.0" classname="testcase.TC_LoginTest">
          <skipped />
    </testcase>
            <testcase name="takeScreenshot" time="0.0" classname="testcase.TC_LoginTest">
          <skipped />
    </testcase>
            <testcase name="takeScreenshot" time="0.0" classname="testcase.TC_LoginTest">
          <skipped />
    </testcase>
            <testcase name="takeScreenshot" time="0.0" classname="testcase.TC_LoginTest">
          <skipped />
    </testcase>
            <testcase name="takeScreenshot" time="0.0" classname="testcase.TC_LoginTest">
          <skipped />
    </testcase>
            <testcase name="takeScreenshot" time="0.0" classname="testcase.TC_LoginTest">
          <skipped />
    </testcase>
            <testcase name="takeScreenshot" time="0.0" classname="testcase.TC_LoginTest">
          <skipped />
    </testcase>
            <testcase name="takeScreenshot" time="0.0" classname="testcase.TC_LoginTest">
          <skipped />
    </testcase>
            <testcase name="takeScreenshot" time="0.0" classname="testcase.TC_LoginTest">
          <skipped />
    </testcase>
            <testcase name="takeScreenshot" time="0.0" classname="testcase.TC_LoginTest">
          <skipped />
    </testcase>
            <testcase name="takeScreenshot" time="0.0" classname="testcase.TC_LoginTest">
          <skipped />
    </testcase>
            <testcase name="takeScreenshot" time="0.0" classname="testcase.TC_LoginTest">
          <skipped />
    </testcase>
            <testcase name="takeScreenshot" time="0.0" classname="testcase.TC_LoginTest">
          <skipped />
    </testcase>
            <testcase name="takeScreenshot" time="0.0" classname="testcase.TC_LoginTest">
          <skipped />
    </testcase>
            <testcase name="takeScreenshot" time="0.0" classname="testcase.TC_LoginTest">
          <skipped />
    </testcase>
            <testcase name="takeScreenshot" time="0.0" classname="testcase.TC_LoginTest">
          <skipped />
    </testcase>
            <testcase name="takeScreenshot" time="0.0" classname="testcase.TC_LoginTest">
          <skipped />
    </testcase>
            <testcase name="takeScreenshot" time="0.0" classname="testcase.TC_LoginTest">
          <skipped />
    </testcase>
            <testcase name="takeScreenshot" time="0.0" classname="testcase.TC_LoginTest">
          <skipped />
    </testcase>
            <testcase name="takeScreenshot" time="0.0" classname="testcase.TC_LoginTest">
          <skipped />
    </testcase>
            <testcase name="takeScreenshot" time="0.0" classname="testcase.TC_LoginTest">
          <skipped />
    </testcase>
            <testcase name="takeScreenshot" time="0.0" classname="testcase.TC_LoginTest">
          <skipped />
    </testcase>
            <testcase name="takeScreenshot" time="0.0" classname="testcase.TC_LoginTest">
          <skipped />
    </testcase>
            <testcase name="takeScreenshot" time="0.0" classname="testcase.TC_LoginTest">
          <skipped />
    </testcase>
            <testcase name="takeScreenshot" time="0.0" classname="testcase.TC_LoginTest">
          <skipped />
    </testcase>
            <testcase name="takeScreenshot" time="0.0" classname="testcase.TC_LoginTest">
          <skipped />
    </testcase>
            <testcase name="takeScreenshot" time="0.0" classname="testcase.TC_LoginTest">
          <skipped />
    </testcase>
            <testcase name="takeScreenshot" time="0.0" classname="testcase.TC_LoginTest">
          <skipped />
    </testcase>
            <testcase name="takeScreenshot" time="0.0" classname="testcase.TC_LoginTest">
          <skipped />
    </testcase>
            <testcase name="takeScreenshot" time="0.0" classname="testcase.TC_LoginTest">
          <skipped />
    </testcase>
            <testcase name="takeScreenshot" time="0.0" classname="testcase.TC_LoginTest">
          <skipped />
    </testcase>
            <testcase name="takeScreenshot" time="0.0" classname="testcase.TC_LoginTest">
          <skipped />
    </testcase>
            <testcase name="takeScreenshot" time="0.0" classname="testcase.TC_LoginTest">
          <skipped />
    </testcase>
            <testcase name="takeScreenshot" time="0.0" classname="testcase.TC_LoginTest">
          <skipped />
    </testcase>
            <testcase name="takeScreenshot" time="0.0" classname="testcase.TC_LoginTest">
          <skipped />
    </testcase>
            <testcase name="takeScreenshot" time="0.0" classname="testcase.TC_LoginTest">
          <skipped />
    </testcase>
            <testcase name="takeScreenshot" time="0.0" classname="testcase.TC_LoginTest">
          <skipped />
    </testcase>
            <testcase name="takeScreenshot" time="0.0" classname="testcase.TC_LoginTest">
          <skipped />
    </testcase>
            <testcase name="takeScreenshot" time="0.0" classname="testcase.TC_LoginTest">
          <skipped />
    </testcase>
            <testcase name="takeScreenshot" time="0.0" classname="testcase.TC_LoginTest">
          <skipped />
    </testcase>
            <testcase name="takeScreenshot" time="0.0" classname="testcase.TC_LoginTest">
          <skipped />
    </testcase>
            <testcase name="takeScreenshot" time="0.0" classname="testcase.TC_LoginTest">
          <skipped />
    </testcase>
            <testcase name="takeScreenshot" time="0.0" classname="testcase.TC_LoginTest">
          <skipped />
    </testcase>
            <testcase name="takeScreenshot" time="0.0" classname="testcase.TC_LoginTest">
          <skipped />
    </testcase>
            <testcase name="takeScreenshot" time="0.0" classname="testcase.TC_LoginTest">
          <skipped />
    </testcase>
            <testcase name="takeScreenshot" time="0.0" classname="testcase.TC_LoginTest">
          <skipped />
    </testcase>
            <testcase name="takeScreenshot" time="0.0" classname="testcase.TC_LoginTest">
          <skipped />
    </testcase>
            <testcase name="takeScreenshot" time="0.0" classname="testcase.TC_LoginTest">
          <skipped />
    </testcase>
            <testcase name="takeScreenshot" time="0.0" classname="testcase.TC_LoginTest">
          <skipped />
    </testcase>
            <testcase name="takeScreenshot" time="0.0" classname="testcase.TC_LoginTest">
          <skipped />
    </testcase>
            <testcase name="takeScreenshot" time="0.0" classname="testcase.TC_LoginTest">
          <skipped />
    </testcase>
            <testcase name="takeScreenshot" time="0.0" classname="testcase.TC_LoginTest">
          <skipped />
    </testcase>
            <testcase name="takeScreenshot" time="0.0" classname="testcase.TC_LoginTest">
          <skipped />
    </testcase>
            <testcase name="takeScreenshot" time="0.0" classname="testcase.TC_LoginTest">
          <skipped />
    </testcase>
            <testcase name="takeScreenshot" time="0.0" classname="testcase.TC_LoginTest">
          <skipped />
    </testcase>
            <testcase name="takeScreenshot" time="0.0" classname="testcase.TC_LoginTest">
          <skipped />
    </testcase>
            <testcase name="takeScreenshot" time="0.0" classname="testcase.TC_LoginTest">
          <skipped />
    </testcase>
            <testcase name="takeScreenshot" time="0.0" classname="testcase.TC_LoginTest">
          <skipped />
    </testcase>
            <testcase name="takeScreenshot" time="0.0" classname="testcase.TC_LoginTest">
          <skipped />
    </testcase>
            <testcase name="takeScreenshot" time="0.0" classname="testcase.TC_LoginTest">
          <skipped />
    </testcase>
            <testcase name="takeScreenshot" time="0.0" classname="testcase.TC_LoginTest">
          <skipped />
    </testcase>
            <testcase name="takeScreenshot" time="0.0" classname="testcase.TC_LoginTest">
          <skipped />
    </testcase>
            <testcase name="takeScreenshot" time="0.0" classname="testcase.TC_LoginTest">
          <skipped />
    </testcase>
            <testcase name="takeScreenshot" time="0.0" classname="testcase.TC_LoginTest">
          <skipped />
    </testcase>
            <testcase name="takeScreenshot" time="0.0" classname="testcase.TC_LoginTest">
          <skipped />
    </testcase>
            <testcase name="takeScreenshot" time="0.0" classname="testcase.TC_LoginTest">
          <skipped />
    </testcase>
            <testcase name="takeScreenshot" time="0.0" classname="testcase.TC_LoginTest">
          <skipped />
    </testcase>
            <testcase name="takeScreenshot" time="0.0" classname="testcase.TC_LoginTest">
          <skipped />
    </testcase>
            <testcase name="takeScreenshot" time="0.0" classname="testcase.TC_LoginTest">
          <skipped />
    </testcase>
            <testcase name="takeScreenshot" time="0.0" classname="testcase.TC_LoginTest">
          <skipped />
    </testcase>
            <testcase name="takeScreenshot" time="0.0" classname="testcase.TC_LoginTest">
          <skipped />
    </testcase>
            <testcase name="takeScreenshot" time="0.0" classname="testcase.TC_LoginTest">
          <skipped />
    </testcase>
            <testcase name="takeScreenshot" time="0.0" classname="testcase.TC_LoginTest">
          <skipped />
    </testcase>
            <testcase name="takeScreenshot" time="0.0" classname="testcase.TC_LoginTest">
          <skipped />
    </testcase>
            <testcase name="takeScreenshot" time="0.0" classname="testcase.TC_LoginTest">
          <skipped />
    </testcase>
            <testcase name="takeScreenshot" time="0.0" classname="testcase.TC_LoginTest">
          <skipped />
    </testcase>
            <testcase name="takeScreenshot" time="0.0" classname="testcase.TC_LoginTest">
          <skipped />
    </testcase>
            <testcase name="takeScreenshot" time="0.0" classname="testcase.TC_LoginTest">
          <skipped />
    </testcase>
            <testcase name="takeScreenshot" time="0.0" classname="testcase.TC_LoginTest">
          <skipped />
    </testcase>
            <testcase name="takeScreenshot" time="0.0" classname="testcase.TC_LoginTest">
          <skipped />
    </testcase>
            <testcase name="takeScreenshot" time="0.0" classname="testcase.TC_LoginTest">
          <skipped />
    </testcase>
            <testcase name="takeScreenshot" time="0.0" classname="testcase.TC_LoginTest">
          <skipped />
    </testcase>
            <testcase name="takeScreenshot" time="0.0" classname="testcase.TC_LoginTest">
          <skipped />
    </testcase>
            <testcase name="takeScreenshot" time="0.0" classname="testcase.TC_LoginTest">
          <skipped />
    </testcase>
            <testcase name="takeScreenshot" time="0.0" classname="testcase.TC_LoginTest">
          <skipped />
    </testcase>
            <testcase name="takeScreenshot" time="0.0" classname="testcase.TC_LoginTest">
          <skipped />
    </testcase>
            <testcase name="takeScreenshot" time="0.0" classname="testcase.TC_LoginTest">
          <skipped />
    </testcase>
            <testcase name="takeScreenshot" time="0.0" classname="testcase.TC_LoginTest">
          <skipped />
    </testcase>
            <testcase name="takeScreenshot" time="0.0" classname="testcase.TC_LoginTest">
          <skipped />
    </testcase>
            <testcase name="takeScreenshot" time="0.0" classname="testcase.TC_LoginTest">
          <skipped />
    </testcase>
            <testcase name="takeScreenshot" time="0.0" classname="testcase.TC_LoginTest">
          <skipped />
    </testcase>
            <testcase name="takeScreenshot" time="0.0" classname="testcase.TC_LoginTest">
          <skipped />
    </testcase>
            <testcase name="takeScreenshot" time="0.0" classname="testcase.TC_LoginTest">
          <skipped />
    </testcase>
            <testcase name="takeScreenshot" time="0.0" classname="testcase.TC_LoginTest">
          <skipped />
    </testcase>
            <testcase name="takeScreenshot" time="0.0" classname="testcase.TC_LoginTest">
          <skipped />
    </testcase>
            <testcase name="takeScreenshot" time="0.0" classname="testcase.TC_LoginTest">
          <skipped />
    </testcase>
            <testcase name="takeScreenshot" time="0.0" classname="testcase.TC_LoginTest">
          <skipped />
    </testcase>
            <testcase name="takeScreenshot" time="0.0" classname="testcase.TC_LoginTest">
          <skipped />
    </testcase>
            <testcase name="takeScreenshot" time="0.0" classname="testcase.TC_LoginTest">
          <skipped />
    </testcase>
            <testcase name="takeScreenshot" time="0.0" classname="testcase.TC_LoginTest">
          <skipped />
    </testcase>
            <testcase name="takeScreenshot" time="0.0" classname="testcase.TC_LoginTest">
          <skipped />
    </testcase>
            <testcase name="takeScreenshot" time="0.0" classname="testcase.TC_LoginTest">
          <skipped />
    </testcase>
            <testcase name="takeScreenshot" time="0.0" classname="testcase.TC_LoginTest">
          <skipped />
    </testcase>
            <testcase name="takeScreenshot" time="0.0" classname="testcase.TC_LoginTest">
          <skipped />
    </testcase>
            <testcase name="takeScreenshot" time="0.0" classname="testcase.TC_LoginTest">
          <skipped />
    </testcase>
            <testcase name="takeScreenshot" time="0.0" classname="testcase.TC_LoginTest">
          <skipped />
    </testcase>
            <testcase name="takeScreenshot" time="0.0" classname="testcase.TC_LoginTest">
          <skipped />
    </testcase>
            <testcase name="takeScreenshot" time="0.0" classname="testcase.TC_LoginTest">
          <skipped />
    </testcase>
            <testcase name="takeScreenshot" time="0.0" classname="testcase.TC_LoginTest">
          <skipped />
    </testcase>
            <testcase name="takeScreenshot" time="0.0" classname="testcase.TC_LoginTest">
          <skipped />
    </testcase>
            <testcase name="takeScreenshot" time="0.0" classname="testcase.TC_LoginTest">
          <skipped />
    </testcase>
            <testcase name="takeScreenshot" time="0.0" classname="testcase.TC_LoginTest">
          <skipped />
    </testcase>
            <testcase name="takeScreenshot" time="0.0" classname="testcase.TC_LoginTest">
          <skipped />
    </testcase>
            <testcase name="takeScreenshot" time="0.0" classname="testcase.TC_LoginTest">
          <skipped />
    </testcase>
            <testcase name="takeScreenshot" time="0.0" classname="testcase.TC_LoginTest">
          <skipped />
    </testcase>
            <testcase name="takeScreenshot" time="0.0" classname="testcase.TC_LoginTest">
          <skipped />
    </testcase>
            <testcase name="takeScreenshot" time="0.0" classname="testcase.TC_LoginTest">
          <skipped />
    </testcase>
            <testcase name="takeScreenshot" time="0.0" classname="testcase.TC_LoginTest">
          <skipped />
    </testcase>
            <testcase name="takeScreenshot" time="0.0" classname="testcase.TC_LoginTest">
          <skipped />
    </testcase>
            <testcase name="takeScreenshot" time="0.0" classname="testcase.TC_LoginTest">
          <skipped />
    </testcase>
            <testcase name="takeScreenshot" time="0.0" classname="testcase.TC_LoginTest">
          <skipped />
    </testcase>
            <testcase name="takeScreenshot" time="0.0" classname="testcase.TC_LoginTest">
          <skipped />
    </testcase>
            <testcase name="takeScreenshot" time="0.0" classname="testcase.TC_LoginTest">
          <skipped />
    </testcase>
            <testcase name="takeScreenshot" time="0.0" classname="testcase.TC_LoginTest">
          <skipped />
    </testcase>
            <testcase name="takeScreenshot" time="0.0" classname="testcase.TC_LoginTest">
          <skipped />
    </testcase>
            <testcase name="takeScreenshot" time="0.0" classname="testcase.TC_LoginTest">
          <skipped />
    </testcase>
            <testcase name="takeScreenshot" time="0.0" classname="testcase.TC_LoginTest">
          <skipped />
    </testcase>
            <testcase name="takeScreenshot" time="0.0" classname="testcase.TC_LoginTest">
          <skipped />
    </testcase>
            <testcase name="takeScreenshot" time="0.0" classname="testcase.TC_LoginTest">
          <skipped />
    </testcase>
            <testcase name="takeScreenshot" time="0.0" classname="testcase.TC_LoginTest">
          <skipped />
    </testcase>
            <testcase name="takeScreenshot" time="0.0" classname="testcase.TC_LoginTest">
          <skipped />
    </testcase>
            <testcase name="takeScreenshot" time="0.0" classname="testcase.TC_LoginTest">
          <skipped />
    </testcase>
            <testcase name="takeScreenshot" time="0.0" classname="testcase.TC_LoginTest">
          <skipped />
    </testcase>
            <testcase name="takeScreenshot" time="0.0" classname="testcase.TC_LoginTest">
          <skipped />
    </testcase>
            <testcase name="takeScreenshot" time="0.0" classname="testcase.TC_LoginTest">
          <skipped />
    </testcase>
            <testcase name="takeScreenshot" time="0.0" classname="testcase.TC_LoginTest">
          <skipped />
    </testcase>
            <testcase name="takeScreenshot" time="0.0" classname="testcase.TC_LoginTest">
          <skipped />
    </testcase>
            <testcase name="takeScreenshot" time="0.0" classname="testcase.TC_LoginTest">
          <skipped />
    </testcase>
            <testcase name="takeScreenshot" time="0.0" classname="testcase.TC_LoginTest">
          <skipped />
    </testcase>
            <testcase name="takeScreenshot" time="0.0" classname="testcase.TC_LoginTest">
          <skipped />
    </testcase>
            <testcase name="takeScreenshot" time="0.0" classname="testcase.TC_LoginTest">
          <skipped />
    </testcase>
            <testcase name="takeScreenshot" time="0.0" classname="testcase.TC_LoginTest">
          <skipped />
    </testcase>
            <testcase name="takeScreenshot" time="0.0" classname="testcase.TC_LoginTest">
          <skipped />
    </testcase>
            <testcase name="takeScreenshot" time="0.0" classname="testcase.TC_LoginTest">
          <skipped />
    </testcase>
            <testcase name="takeScreenshot" time="0.0" classname="testcase.TC_LoginTest">
          <skipped />
    </testcase>
            <testcase name="takeScreenshot" time="0.0" classname="testcase.TC_LoginTest">
          <skipped />
    </testcase>
            <testcase name="takeScreenshot" time="0.0" classname="testcase.TC_LoginTest">
          <skipped />
    </testcase>
            <testcase name="takeScreenshot" time="0.0" classname="testcase.TC_LoginTest">
          <skipped />
    </testcase>
            <testcase name="takeScreenshot" time="0.0" classname="testcase.TC_LoginTest">
          <skipped />
    </testcase>
            <testcase name="takeScreenshot" time="0.0" classname="testcase.TC_LoginTest">
          <skipped />
    </testcase>
            <testcase name="takeScreenshot" time="0.0" classname="testcase.TC_LoginTest">
          <skipped />
    </testcase>
            <testcase name="takeScreenshot" time="0.0" classname="testcase.TC_LoginTest">
          <skipped />
    </testcase>
            <testcase name="takeScreenshot" time="0.0" classname="testcase.TC_LoginTest">
          <skipped />
    </testcase>
            <testcase name="takeScreenshot" time="0.0" classname="testcase.TC_LoginTest">
          <skipped />
    </testcase>
            <testcase name="takeScreenshot" time="0.0" classname="testcase.TC_LoginTest">
          <skipped />
    </testcase>
            <testcase name="takeScreenshot" time="0.0" classname="testcase.TC_LoginTest">
          <skipped />
    </testcase>
            <testcase name="takeScreenshot" time="0.0" classname="testcase.TC_LoginTest">
          <skipped />
    </testcase>
            <testcase name="takeScreenshot" time="0.0" classname="testcase.TC_LoginTest">
          <skipped />
    </testcase>
            <testcase name="takeScreenshot" time="0.0" classname="testcase.TC_LoginTest">
          <skipped />
    </testcase>
            <testcase name="takeScreenshot" time="0.0" classname="testcase.TC_LoginTest">
          <skipped />
    </testcase>
            <testcase name="takeScreenshot" time="0.0" classname="testcase.TC_LoginTest">
          <skipped />
    </testcase>
            <testcase name="takeScreenshot" time="0.0" classname="testcase.TC_LoginTest">
          <skipped />
    </testcase>
            <testcase name="takeScreenshot" time="0.0" classname="testcase.TC_LoginTest">
          <skipped />
    </testcase>
            <testcase name="takeScreenshot" time="0.0" classname="testcase.TC_LoginTest">
          <skipped />
    </testcase>
            <testcase name="takeScreenshot" time="0.0" classname="testcase.TC_LoginTest">
          <skipped />
    </testcase>
            <testcase name="takeScreenshot" time="0.0" classname="testcase.TC_LoginTest">
          <skipped />
    </testcase>
            <testcase name="takeScreenshot" time="0.0" classname="testcase.TC_LoginTest">
          <skipped />
    </testcase>
            <testcase name="takeScreenshot" time="0.0" classname="testcase.TC_LoginTest">
          <skipped />
    </testcase>
            <testcase name="takeScreenshot" time="0.0" classname="testcase.TC_LoginTest">
          <skipped />
    </testcase>
            <testcase name="takeScreenshot" time="0.0" classname="testcase.TC_LoginTest">
          <skipped />
    </testcase>
            <testcase name="takeScreenshot" time="0.0" classname="testcase.TC_LoginTest">
          <skipped />
    </testcase>
            <testcase name="takeScreenshot" time="0.0" classname="testcase.TC_LoginTest">
          <skipped />
    </testcase>
            <testcase name="takeScreenshot" time="0.0" classname="testcase.TC_LoginTest">
          <skipped />
    </testcase>
            <testcase name="takeScreenshot" time="0.0" classname="testcase.TC_LoginTest">
          <skipped />
    </testcase>
            <testcase name="takeScreenshot" time="0.0" classname="testcase.TC_LoginTest">
          <skipped />
    </testcase>
            <testcase name="takeScreenshot" time="0.0" classname="testcase.TC_LoginTest">
          <skipped />
    </testcase>
            <testcase name="takeScreenshot" time="0.0" classname="testcase.TC_LoginTest">
          <skipped />
    </testcase>
            <testcase name="takeScreenshot" time="0.0" classname="testcase.TC_LoginTest">
          <skipped />
    </testcase>
            <testcase name="takeScreenshot" time="0.0" classname="testcase.TC_LoginTest">
          <skipped />
    </testcase>
            <testcase name="takeScreenshot" time="0.0" classname="testcase.TC_LoginTest">
          <skipped />
    </testcase>
            <testcase name="takeScreenshot" time="0.0" classname="testcase.TC_LoginTest">
          <skipped />
    </testcase>
            <testcase name="takeScreenshot" time="0.0" classname="testcase.TC_LoginTest">
          <skipped />
    </testcase>
            <testcase name="takeScreenshot" time="0.0" classname="testcase.TC_LoginTest">
          <skipped />
    </testcase>
            <testcase name="takeScreenshot" time="0.0" classname="testcase.TC_LoginTest">
          <skipped />
    </testcase>
            <testcase name="takeScreenshot" time="0.0" classname="testcase.TC_LoginTest">
          <skipped />
    </testcase>
            <testcase name="takeScreenshot" time="0.0" classname="testcase.TC_LoginTest">
          <skipped />
    </testcase>
            <testcase name="takeScreenshot" time="0.0" classname="testcase.TC_LoginTest">
          <skipped />
    </testcase>
            <testcase name="takeScreenshot" time="0.0" classname="testcase.TC_LoginTest">
          <skipped />
    </testcase>
            <testcase name="takeScreenshot" time="0.0" classname="testcase.TC_LoginTest">
          <skipped />
    </testcase>
            <testcase name="takeScreenshot" time="0.0" classname="testcase.TC_LoginTest">
          <skipped />
    </testcase>
            <testcase name="takeScreenshot" time="0.0" classname="testcase.TC_LoginTest">
          <skipped />
    </testcase>
            <testcase name="takeScreenshot" time="0.0" classname="testcase.TC_LoginTest">
          <skipped />
    </testcase>
            <testcase name="takeScreenshot" time="0.0" classname="testcase.TC_LoginTest">
          <skipped />
    </testcase>
            <testcase name="takeScreenshot" time="0.0" classname="testcase.TC_LoginTest">
          <skipped />
    </testcase>
            <testcase name="takeScreenshot" time="0.0" classname="testcase.TC_LoginTest">
          <skipped />
    </testcase>
            <testcase name="takeScreenshot" time="0.0" classname="testcase.TC_LoginTest">
          <skipped />
    </testcase>
            <testcase name="takeScreenshot" time="0.0" classname="testcase.TC_LoginTest">
          <skipped />
    </testcase>
            <testcase name="takeScreenshot" time="0.0" classname="testcase.TC_LoginTest">
          <skipped />
    </testcase>
            <testcase name="takeScreenshot" time="0.0" classname="testcase.TC_LoginTest">
          <skipped />
    </testcase>
            <testcase name="takeScreenshot" time="0.0" classname="testcase.TC_LoginTest">
          <skipped />
    </testcase>
            <testcase name="takeScreenshot" time="0.0" classname="testcase.TC_LoginTest">
          <skipped />
    </testcase>
            <testcase name="takeScreenshot" time="0.0" classname="testcase.TC_LoginTest">
          <skipped />
    </testcase>
            <testcase name="takeScreenshot" time="0.0" classname="testcase.TC_LoginTest">
          <skipped />
    </testcase>
            <testcase name="takeScreenshot" time="0.0" classname="testcase.TC_LoginTest">
          <skipped />
    </testcase>
            <testcase name="takeScreenshot" time="0.0" classname="testcase.TC_LoginTest">
          <skipped />
    </testcase>
            <testcase name="takeScreenshot" time="0.0" classname="testcase.TC_LoginTest">
          <skipped />
    </testcase>
            <testcase name="takeScreenshot" time="0.0" classname="testcase.TC_LoginTest">
          <skipped />
    </testcase>
            <testcase name="takeScreenshot" time="0.0" classname="testcase.TC_LoginTest">
          <skipped />
    </testcase>
            <testcase name="takeScreenshot" time="0.0" classname="testcase.TC_LoginTest">
          <skipped />
    </testcase>
            <testcase name="takeScreenshot" time="0.0" classname="testcase.TC_LoginTest">
          <skipped />
    </testcase>
            <testcase name="takeScreenshot" time="0.0" classname="testcase.TC_LoginTest">
          <skipped />
    </testcase>
            <testcase name="takeScreenshot" time="0.0" classname="testcase.TC_LoginTest">
          <skipped />
    </testcase>
            <testcase name="takeScreenshot" time="0.0" classname="testcase.TC_LoginTest">
          <skipped />
    </testcase>
            <testcase name="takeScreenshot" time="0.0" classname="testcase.TC_LoginTest">
          <skipped />
    </testcase>
            <testcase name="takeScreenshot" time="0.0" classname="testcase.TC_LoginTest">
          <skipped />
    </testcase>
            <testcase name="takeScreenshot" time="0.0" classname="testcase.TC_LoginTest">
          <skipped />
    </testcase>
            <testcase name="takeScreenshot" time="0.0" classname="testcase.TC_LoginTest">
          <skipped />
    </testcase>
            <testcase name="takeScreenshot" time="0.0" classname="testcase.TC_LoginTest">
          <skipped />
    </testcase>
            <testcase name="takeScreenshot" time="0.0" classname="testcase.TC_LoginTest">
          <skipped />
    </testcase>
            <testcase name="takeScreenshot" time="0.0" classname="testcase.TC_LoginTest">
          <skipped />
    </testcase>
            <testcase name="takeScreenshot" time="0.0" classname="testcase.TC_LoginTest">
          <skipped />
    </testcase>
            <testcase name="takeScreenshot" time="0.0" classname="testcase.TC_LoginTest">
          <skipped />
    </testcase>
            <testcase name="takeScreenshot" time="0.0" classname="testcase.TC_LoginTest">
          <skipped />
    </testcase>
            <testcase name="takeScreenshot" time="0.0" classname="testcase.TC_LoginTest">
          <skipped />
    </testcase>
            <testcase name="takeScreenshot" time="0.0" classname="testcase.TC_LoginTest">
          <skipped />
    </testcase>
            <testcase name="takeScreenshot" time="0.0" classname="testcase.TC_LoginTest">
          <skipped />
    </testcase>
            <testcase name="takeScreenshot" time="0.0" classname="testcase.TC_LoginTest">
          <skipped />
    </testcase>
            <testcase name="takeScreenshot" time="0.0" classname="testcase.TC_LoginTest">
          <skipped />
    </testcase>
            <testcase name="takeScreenshot" time="0.0" classname="testcase.TC_LoginTest">
          <skipped />
    </testcase>
            <testcase name="takeScreenshot" time="0.0" classname="testcase.TC_LoginTest">
          <skipped />
    </testcase>
            <testcase name="takeScreenshot" time="0.0" classname="testcase.TC_LoginTest">
          <skipped />
    </testcase>
            <testcase name="takeScreenshot" time="0.0" classname="testcase.TC_LoginTest">
          <skipped />
    </testcase>
            <testcase name="takeScreenshot" time="0.0" classname="testcase.TC_LoginTest">
          <skipped />
    </testcase>
            <testcase name="takeScreenshot" time="0.0" classname="testcase.TC_LoginTest">
          <skipped />
    </testcase>
            <testcase name="takeScreenshot" time="0.0" classname="testcase.TC_LoginTest">
          <skipped />
    </testcase>
            <testcase name="takeScreenshot" time="0.0" classname="testcase.TC_LoginTest">
          <skipped />
    </testcase>
            <testcase name="takeScreenshot" time="0.0" classname="testcase.TC_LoginTest">
          <skipped />
    </testcase>
            <testcase name="takeScreenshot" time="0.0" classname="testcase.TC_LoginTest">
          <skipped />
    </testcase>
            <testcase name="takeScreenshot" time="0.0" classname="testcase.TC_LoginTest">
          <skipped />
    </testcase>
            <testcase name="takeScreenshot" time="0.0" classname="testcase.TC_LoginTest">
          <skipped />
    </testcase>
            <testcase name="takeScreenshot" time="0.0" classname="testcase.TC_LoginTest">
          <skipped />
    </testcase>
            <testcase name="takeScreenshot" time="0.0" classname="testcase.TC_LoginTest">
          <skipped />
    </testcase>
            <testcase name="takeScreenshot" time="0.0" classname="testcase.TC_LoginTest">
          <skipped />
    </testcase>
            <testcase name="takeScreenshot" time="0.0" classname="testcase.TC_LoginTest">
          <skipped />
    </testcase>
            <testcase name="takeScreenshot" time="0.0" classname="testcase.TC_LoginTest">
          <skipped />
    </testcase>
            <testcase name="takeScreenshot" time="0.0" classname="testcase.TC_LoginTest">
          <skipped />
    </testcase>
            <testcase name="takeScreenshot" time="0.0" classname="testcase.TC_LoginTest">
          <skipped />
    </testcase>
            <testcase name="takeScreenshot" time="0.0" classname="testcase.TC_LoginTest">
          <skipped />
    </testcase>
            <testcase name="takeScreenshot" time="0.0" classname="testcase.TC_LoginTest">
          <skipped />
    </testcase>
            <testcase name="takeScreenshot" time="0.0" classname="testcase.TC_LoginTest">
          <skipped />
    </testcase>
            <testcase name="takeScreenshot" time="0.0" classname="testcase.TC_LoginTest">
          <skipped />
    </testcase>
            <testcase name="takeScreenshot" time="0.0" classname="testcase.TC_LoginTest">
          <skipped />
    </testcase>
            <testcase name="takeScreenshot" time="0.0" classname="testcase.TC_LoginTest">
          <skipped />
    </testcase>
            <testcase name="takeScreenshot" time="0.0" classname="testcase.TC_LoginTest">
          <skipped />
    </testcase>
            <testcase name="takeScreenshot" time="0.0" classname="testcase.TC_LoginTest">
          <skipped />
    </testcase>
            <testcase name="takeScreenshot" time="0.0" classname="testcase.TC_LoginTest">
          <skipped />
    </testcase>
            <testcase name="takeScreenshot" time="0.0" classname="testcase.TC_LoginTest">
          <skipped />
    </testcase>
            <testcase name="takeScreenshot" time="0.0" classname="testcase.TC_LoginTest">
          <skipped />
    </testcase>
            <testcase name="takeScreenshot" time="0.0" classname="testcase.TC_LoginTest">
          <skipped />
    </testcase>
            <testcase name="takeScreenshot" time="0.0" classname="testcase.TC_LoginTest">
          <skipped />
    </testcase>
            <testcase name="takeScreenshot" time="0.0" classname="testcase.TC_LoginTest">
          <skipped />
    </testcase>
            <testcase name="takeScreenshot" time="0.0" classname="testcase.TC_LoginTest">
          <skipped />
    </testcase>
            <testcase name="takeScreenshot" time="0.0" classname="testcase.TC_LoginTest">
          <skipped />
    </testcase>
            <testcase name="takeScreenshot" time="0.0" classname="testcase.TC_LoginTest">
          <skipped />
    </testcase>
            <testcase name="takeScreenshot" time="0.0" classname="testcase.TC_LoginTest">
          <skipped />
    </testcase>
            <testcase name="takeScreenshot" time="0.0" classname="testcase.TC_LoginTest">
          <skipped />
    </testcase>
            <testcase name="takeScreenshot" time="0.0" classname="testcase.TC_LoginTest">
          <skipped />
    </testcase>
            <testcase name="takeScreenshot" time="0.0" classname="testcase.TC_LoginTest">
          <skipped />
    </testcase>
            <testcase name="takeScreenshot" time="0.0" classname="testcase.TC_LoginTest">
          <skipped />
    </testcase>
            <testcase name="takeScreenshot" time="0.0" classname="testcase.TC_LoginTest">
          <skipped />
    </testcase>
            <testcase name="takeScreenshot" time="0.0" classname="testcase.TC_LoginTest">
          <skipped />
    </testcase>
            <testcase name="takeScreenshot" time="0.0" classname="testcase.TC_LoginTest">
          <skipped />
    </testcase>
            <testcase name="takeScreenshot" time="0.0" classname="testcase.TC_LoginTest">
          <skipped />
    </testcase>
            <testcase name="takeScreenshot" time="0.0" classname="testcase.TC_LoginTest">
          <skipped />
    </testcase>
            <testcase name="takeScreenshot" time="0.0" classname="testcase.TC_LoginTest">
          <skipped />
    </testcase>
            <testcase name="takeScreenshot" time="0.0" classname="testcase.TC_LoginTest">
          <skipped />
    </testcase>
            <testcase name="takeScreenshot" time="0.0" classname="testcase.TC_LoginTest">
          <skipped />
    </testcase>
            <testcase name="takeScreenshot" time="0.0" classname="testcase.TC_LoginTest">
          <skipped />
    </testcase>
            <testcase name="takeScreenshot" time="0.0" classname="testcase.TC_LoginTest">
          <skipped />
    </testcase>
            <testcase name="takeScreenshot" time="0.0" classname="testcase.TC_LoginTest">
          <skipped />
    </testcase>
            <testcase name="takeScreenshot" time="0.0" classname="testcase.TC_LoginTest">
          <skipped />
    </testcase>
            <testcase name="takeScreenshot" time="0.0" classname="testcase.TC_LoginTest">
          <skipped />
    </testcase>
            <testcase name="takeScreenshot" time="0.0" classname="testcase.TC_LoginTest">
          <skipped />
    </testcase>
            <testcase name="takeScreenshot" time="0.0" classname="testcase.TC_LoginTest">
          <skipped />
    </testcase>
            <testcase name="takeScreenshot" time="0.0" classname="testcase.TC_LoginTest">
          <skipped />
    </testcase>
            <testcase name="takeScreenshot" time="0.0" classname="testcase.TC_LoginTest">
          <skipped />
    </testcase>
            <testcase name="takeScreenshot" time="0.0" classname="testcase.TC_LoginTest">
          <skipped />
    </testcase>
            <testcase name="takeScreenshot" time="0.0" classname="testcase.TC_LoginTest">
          <skipped />
    </testcase>
            <testcase name="takeScreenshot" time="0.0" classname="testcase.TC_LoginTest">
          <skipped />
    </testcase>
            <testcase name="takeScreenshot" time="0.0" classname="testcase.TC_LoginTest">
          <skipped />
    </testcase>
            <testcase name="takeScreenshot" time="0.0" classname="testcase.TC_LoginTest">
          <skipped />
    </testcase>
            <testcase name="takeScreenshot" time="0.0" classname="testcase.TC_LoginTest">
          <skipped />
    </testcase>
            <testcase name="takeScreenshot" time="0.0" classname="testcase.TC_LoginTest">
          <skipped />
    </testcase>
            <testcase name="takeScreenshot" time="0.0" classname="testcase.TC_LoginTest">
          <skipped />
    </testcase>
            <testcase name="takeScreenshot" time="0.0" classname="testcase.TC_LoginTest">
          <skipped />
    </testcase>
            <testcase name="takeScreenshot" time="0.0" classname="testcase.TC_LoginTest">
          <skipped />
    </testcase>
            <testcase name="takeScreenshot" time="0.0" classname="testcase.TC_LoginTest">
          <skipped />
    </testcase>
            <testcase name="takeScreenshot" time="0.0" classname="testcase.TC_LoginTest">
          <skipped />
    </testcase>
            <testcase name="takeScreenshot" time="0.0" classname="testcase.TC_LoginTest">
          <skipped />
    </testcase>
            <testcase name="takeScreenshot" time="0.0" classname="testcase.TC_LoginTest">
          <skipped />
    </testcase>
            <testcase name="takeScreenshot" time="0.0" classname="testcase.TC_LoginTest">
          <skipped />
    </testcase>
            <testcase name="takeScreenshot" time="0.0" classname="testcase.TC_LoginTest">
          <skipped />
    </testcase>
            <testcase name="takeScreenshot" time="0.0" classname="testcase.TC_LoginTest">
          <skipped />
    </testcase>
            <testcase name="takeScreenshot" time="0.0" classname="testcase.TC_LoginTest">
          <skipped />
    </testcase>
            <testcase name="takeScreenshot" time="0.0" classname="testcase.TC_LoginTest">
          <skipped />
    </testcase>
            <testcase name="takeScreenshot" time="0.0" classname="testcase.TC_LoginTest">
          <skipped />
    </testcase>
            <testcase name="takeScreenshot" time="0.0" classname="testcase.TC_LoginTest">
          <skipped />
    </testcase>
            <testcase name="takeScreenshot" time="0.0" classname="testcase.TC_LoginTest">
          <skipped />
    </testcase>
            <testcase name="takeScreenshot" time="0.0" classname="testcase.TC_LoginTest">
          <skipped />
    </testcase>
            <testcase name="takeScreenshot" time="0.0" classname="testcase.TC_LoginTest">
          <skipped />
    </testcase>
            <testcase name="takeScreenshot" time="0.0" classname="testcase.TC_LoginTest">
          <skipped />
    </testcase>
            <testcase name="takeScreenshot" time="0.0" classname="testcase.TC_LoginTest">
          <skipped />
    </testcase>
            <testcase name="takeScreenshot" time="0.0" classname="testcase.TC_LoginTest">
          <skipped />
    </testcase>
            <testcase name="takeScreenshot" time="0.0" classname="testcase.TC_LoginTest">
          <skipped />
    </testcase>
            <testcase name="takeScreenshot" time="0.0" classname="testcase.TC_LoginTest">
          <skipped />
    </testcase>
            <testcase name="takeScreenshot" time="0.0" classname="testcase.TC_LoginTest">
          <skipped />
    </testcase>
            <testcase name="takeScreenshot" time="0.0" classname="testcase.TC_LoginTest">
          <skipped />
    </testcase>
            <testcase name="takeScreenshot" time="0.0" classname="testcase.TC_LoginTest">
          <skipped />
    </testcase>
            <testcase name="takeScreenshot" time="0.0" classname="testcase.TC_LoginTest">
          <skipped />
    </testcase>
            <testcase name="takeScreenshot" time="0.0" classname="testcase.TC_LoginTest">
          <skipped />
    </testcase>
            <testcase name="takeScreenshot" time="0.0" classname="testcase.TC_LoginTest">
          <skipped />
    </testcase>
            <testcase name="takeScreenshot" time="0.0" classname="testcase.TC_LoginTest">
          <skipped />
    </testcase>
            <testcase name="takeScreenshot" time="0.0" classname="testcase.TC_LoginTest">
          <skipped />
    </testcase>
            <testcase name="takeScreenshot" time="0.0" classname="testcase.TC_LoginTest">
          <skipped />
    </testcase>
            <testcase name="takeScreenshot" time="0.0" classname="testcase.TC_LoginTest">
          <skipped />
    </testcase>
            <testcase name="takeScreenshot" time="0.0" classname="testcase.TC_LoginTest">
          <skipped />
    </testcase>
            <testcase name="takeScreenshot" time="0.0" classname="testcase.TC_LoginTest">
          <skipped />
    </testcase>
            <testcase name="takeScreenshot" time="0.0" classname="testcase.TC_LoginTest">
          <skipped />
    </testcase>
            <testcase name="takeScreenshot" time="0.0" classname="testcase.TC_LoginTest">
          <skipped />
    </testcase>
            <testcase name="takeScreenshot" time="0.0" classname="testcase.TC_LoginTest">
          <skipped />
    </testcase>
            <testcase name="takeScreenshot" time="0.0" classname="testcase.TC_LoginTest">
          <skipped />
    </testcase>
            <testcase name="takeScreenshot" time="0.0" classname="testcase.TC_LoginTest">
          <skipped />
    </testcase>
            <testcase name="takeScreenshot" time="0.0" classname="testcase.TC_LoginTest">
          <skipped />
    </testcase>
            <testcase name="takeScreenshot" time="0.0" classname="testcase.TC_LoginTest">
          <skipped />
    </testcase>
            <testcase name="takeScreenshot" time="0.0" classname="testcase.TC_LoginTest">
          <skipped />
    </testcase>
            <testcase name="takeScreenshot" time="0.0" classname="testcase.TC_LoginTest">
          <skipped />
    </testcase>
            <testcase name="takeScreenshot" time="0.0" classname="testcase.TC_LoginTest">
          <skipped />
    </testcase>
            <testcase name="takeScreenshot" time="0.0" classname="testcase.TC_LoginTest">
          <skipped />
    </testcase>
            <testcase name="takeScreenshot" time="0.0" classname="testcase.TC_LoginTest">
          <skipped />
    </testcase>
            <testcase name="takeScreenshot" time="0.0" classname="testcase.TC_LoginTest">
          <skipped />
    </testcase>
            <testcase name="takeScreenshot" time="0.0" classname="testcase.TC_LoginTest">
          <skipped />
    </testcase>
            <testcase name="takeScreenshot" time="0.0" classname="testcase.TC_LoginTest">
          <skipped />
    </testcase>
            <testcase name="takeScreenshot" time="0.0" classname="testcase.TC_LoginTest">
          <skipped />
    </testcase>
            <testcase name="takeScreenshot" time="0.0" classname="testcase.TC_LoginTest">
          <skipped />
    </testcase>
            <testcase name="takeScreenshot" time="0.0" classname="testcase.TC_LoginTest">
          <skipped />
    </testcase>
            <testcase name="takeScreenshot" time="0.0" classname="testcase.TC_LoginTest">
          <skipped />
    </testcase>
            <testcase name="takeScreenshot" time="0.0" classname="testcase.TC_LoginTest">
          <skipped />
    </testcase>
            <testcase name="takeScreenshot" time="0.0" classname="testcase.TC_LoginTest">
          <skipped />
    </testcase>
            <testcase name="takeScreenshot" time="0.0" classname="testcase.TC_LoginTest">
          <skipped />
    </testcase>
            <testcase name="takeScreenshot" time="0.0" classname="testcase.TC_LoginTest">
          <skipped />
    </testcase>
            <testcase name="takeScreenshot" time="0.0" classname="testcase.TC_LoginTest">
          <skipped />
    </testcase>
            <testcase name="takeScreenshot" time="0.0" classname="testcase.TC_LoginTest">
          <skipped />
    </testcase>
            <testcase name="takeScreenshot" time="0.0" classname="testcase.TC_LoginTest">
          <skipped />
    </testcase>
            <testcase name="takeScreenshot" time="0.0" classname="testcase.TC_LoginTest">
          <skipped />
    </testcase>
            <testcase name="takeScreenshot" time="0.0" classname="testcase.TC_LoginTest">
          <skipped />
    </testcase>
            <testcase name="takeScreenshot" time="0.0" classname="testcase.TC_LoginTest">
          <skipped />
    </testcase>
            <testcase name="takeScreenshot" time="0.0" classname="testcase.TC_LoginTest">
          <skipped />
    </testcase>
            <testcase name="takeScreenshot" time="0.0" classname="testcase.TC_LoginTest">
          <skipped />
    </testcase>
            <testcase name="takeScreenshot" time="0.0" classname="testcase.TC_LoginTest">
          <skipped />
    </testcase>
            <testcase name="takeScreenshot" time="0.0" classname="testcase.TC_LoginTest">
          <skipped />
    </testcase>
            <testcase name="takeScreenshot" time="0.0" classname="testcase.TC_LoginTest">
          <skipped />
    </testcase>
            <testcase name="takeScreenshot" time="0.0" classname="testcase.TC_LoginTest">
          <skipped />
    </testcase>
            <testcase name="takeScreenshot" time="0.0" classname="testcase.TC_LoginTest">
          <skipped />
    </testcase>
            <testcase name="takeScreenshot" time="0.0" classname="testcase.TC_LoginTest">
          <skipped />
    </testcase>
            <testcase name="takeScreenshot" time="0.0" classname="testcase.TC_LoginTest">
          <skipped />
    </testcase>
            <testcase name="takeScreenshot" time="0.0" classname="testcase.TC_LoginTest">
          <skipped />
    </testcase>
            <testcase name="takeScreenshot" time="0.0" classname="testcase.TC_LoginTest">
          <skipped />
    </testcase>
            <testcase name="takeScreenshot" time="0.0" classname="testcase.TC_LoginTest">
          <skipped />
    </testcase>
            <testcase name="takeScreenshot" time="0.0" classname="testcase.TC_LoginTest">
          <skipped />
    </testcase>
            <testcase name="takeScreenshot" time="0.0" classname="testcase.TC_LoginTest">
          <skipped />
    </testcase>
            <testcase name="takeScreenshot" time="0.0" classname="testcase.TC_LoginTest">
          <skipped />
    </testcase>
            <testcase name="takeScreenshot" time="0.0" classname="testcase.TC_LoginTest">
          <skipped />
    </testcase>
            <testcase name="takeScreenshot" time="0.0" classname="testcase.TC_LoginTest">
          <skipped />
    </testcase>
            <testcase name="takeScreenshot" time="0.0" classname="testcase.TC_LoginTest">
          <skipped />
    </testcase>
            <testcase name="takeScreenshot" time="0.0" classname="testcase.TC_LoginTest">
          <skipped />
    </testcase>
            <testcase name="takeScreenshot" time="0.0" classname="testcase.TC_LoginTest">
          <skipped />
    </testcase>
            <testcase name="takeScreenshot" time="0.0" classname="testcase.TC_LoginTest">
          <skipped />
    </testcase>
            <testcase name="takeScreenshot" time="0.0" classname="testcase.TC_LoginTest">
          <skipped />
    </testcase>
            <testcase name="takeScreenshot" time="0.0" classname="testcase.TC_LoginTest">
          <skipped />
    </testcase>
            <testcase name="takeScreenshot" time="0.0" classname="testcase.TC_LoginTest">
          <skipped />
    </testcase>
            <testcase name="takeScreenshot" time="0.0" classname="testcase.TC_LoginTest">
          <skipped />
    </testcase>
            <testcase name="takeScreenshot" time="0.0" classname="testcase.TC_LoginTest">
          <skipped />
    </testcase>
            <testcase name="takeScreenshot" time="0.0" classname="testcase.TC_LoginTest">
          <skipped />
    </testcase>
            <testcase name="takeScreenshot" time="0.0" classname="testcase.TC_LoginTest">
          <skipped />
    </testcase>
            <testcase name="takeScreenshot" time="0.0" classname="testcase.TC_LoginTest">
          <skipped />
    </testcase>
            <testcase name="takeScreenshot" time="0.0" classname="testcase.TC_LoginTest">
          <skipped />
    </testcase>
            <testcase name="takeScreenshot" time="0.0" classname="testcase.TC_LoginTest">
          <skipped />
    </testcase>
            <testcase name="takeScreenshot" time="0.0" classname="testcase.TC_LoginTest">
          <skipped />
    </testcase>
            <testcase name="takeScreenshot" time="0.0" classname="testcase.TC_LoginTest">
          <skipped />
    </testcase>
            <testcase name="takeScreenshot" time="0.0" classname="testcase.TC_LoginTest">
          <skipped />
    </testcase>
            <testcase name="takeScreenshot" time="0.0" classname="testcase.TC_LoginTest">
          <skipped />
    </testcase>
            <testcase name="takeScreenshot" time="0.0" classname="testcase.TC_LoginTest">
          <skipped />
    </testcase>
            <testcase name="takeScreenshot" time="0.0" classname="testcase.TC_LoginTest">
          <skipped />
    </testcase>
            <testcase name="takeScreenshot" time="0.0" classname="testcase.TC_LoginTest">
          <skipped />
    </testcase>
            <testcase name="takeScreenshot" time="0.0" classname="testcase.TC_LoginTest">
          <skipped />
    </testcase>
            <testcase name="takeScreenshot" time="0.0" classname="testcase.TC_LoginTest">
          <skipped />
    </testcase>
            <testcase name="takeScreenshot" time="0.0" classname="testcase.TC_LoginTest">
          <skipped />
    </testcase>
            <testcase name="takeScreenshot" time="0.0" classname="testcase.TC_LoginTest">
          <skipped />
    </testcase>
            <testcase name="takeScreenshot" time="0.0" classname="testcase.TC_LoginTest">
          <skipped />
    </testcase>
            <testcase name="takeScreenshot" time="0.0" classname="testcase.TC_LoginTest">
          <skipped />
    </testcase>
            <testcase name="takeScreenshot" time="0.0" classname="testcase.TC_LoginTest">
          <skipped />
    </testcase>
            <testcase name="takeScreenshot" time="0.0" classname="testcase.TC_LoginTest">
          <skipped />
    </testcase>
            <testcase name="takeScreenshot" time="0.0" classname="testcase.TC_LoginTest">
          <skipped />
    </testcase>
            <testcase name="takeScreenshot" time="0.0" classname="testcase.TC_LoginTest">
          <skipped />
    </testcase>
            <testcase name="takeScreenshot" time="0.0" classname="testcase.TC_LoginTest">
          <skipped />
    </testcase>
            <testcase name="takeScreenshot" time="0.0" classname="testcase.TC_LoginTest">
          <skipped />
    </testcase>
            <testcase name="takeScreenshot" time="0.0" classname="testcase.TC_LoginTest">
          <skipped />
    </testcase>
            <testcase name="takeScreenshot" time="0.0" classname="testcase.TC_LoginTest">
          <skipped />
    </testcase>
            <testcase name="takeScreenshot" time="0.0" classname="testcase.TC_LoginTest">
          <skipped />
    </testcase>
            <testcase name="takeScreenshot" time="0.0" classname="testcase.TC_LoginTest">
          <skipped />
    </testcase>
            <testcase name="takeScreenshot" time="0.0" classname="testcase.TC_LoginTest">
          <skipped />
    </testcase>
            <testcase name="takeScreenshot" time="0.0" classname="testcase.TC_LoginTest">
          <skipped />
    </testcase>
            <testcase name="takeScreenshot" time="0.0" classname="testcase.TC_LoginTest">
          <skipped />
    </testcase>
            <testcase name="takeScreenshot" time="0.0" classname="testcase.TC_LoginTest">
          <skipped />
    </testcase>
            <testcase name="takeScreenshot" time="0.0" classname="testcase.TC_LoginTest">
          <skipped />
    </testcase>
            <testcase name="takeScreenshot" time="0.0" classname="testcase.TC_LoginTest">
          <skipped />
    </testcase>
            <testcase name="takeScreenshot" time="0.0" classname="testcase.TC_LoginTest">
          <skipped />
    </testcase>
            <testcase name="takeScreenshot" time="0.0" classname="testcase.TC_LoginTest">
          <skipped />
    </testcase>
            <testcase name="takeScreenshot" time="0.0" classname="testcase.TC_LoginTest">
          <skipped />
    </testcase>
            <testcase name="takeScreenshot" time="0.0" classname="testcase.TC_LoginTest">
          <skipped />
    </testcase>
            <testcase name="takeScreenshot" time="0.0" classname="testcase.TC_LoginTest">
          <skipped />
    </testcase>
            <testcase name="takeScreenshot" time="0.0" classname="testcase.TC_LoginTest">
          <skipped />
    </testcase>
            <testcase name="takeScreenshot" time="0.0" classname="testcase.TC_LoginTest">
          <skipped />
    </testcase>
            <testcase name="takeScreenshot" time="0.0" classname="testcase.TC_LoginTest">
          <skipped />
    </testcase>
            <testcase name="takeScreenshot" time="0.0" classname="testcase.TC_LoginTest">
          <skipped />
    </testcase>
            <testcase name="takeScreenshot" time="0.0" classname="testcase.TC_LoginTest">
          <skipped />
    </testcase>
            <testcase name="takeScreenshot" time="0.0" classname="testcase.TC_LoginTest">
          <skipped />
    </testcase>
            <testcase name="takeScreenshot" time="0.0" classname="testcase.TC_LoginTest">
          <skipped />
    </testcase>
            <testcase name="takeScreenshot" time="0.0" classname="testcase.TC_LoginTest">
          <skipped />
    </testcase>
            <testcase name="takeScreenshot" time="0.0" classname="testcase.TC_LoginTest">
          <skipped />
    </testcase>
            <testcase name="takeScreenshot" time="0.0" classname="testcase.TC_LoginTest">
          <skipped />
    </testcase>
            <testcase name="takeScreenshot" time="0.0" classname="testcase.TC_LoginTest">
          <skipped />
    </testcase>
            <testcase name="takeScreenshot" time="0.0" classname="testcase.TC_LoginTest">
          <skipped />
    </testcase>
            <testcase name="takeScreenshot" time="0.0" classname="testcase.TC_LoginTest">
          <skipped />
    </testcase>
            <testcase name="takeScreenshot" time="0.0" classname="testcase.TC_LoginTest">
          <skipped />
    </testcase>
            <testcase name="takeScreenshot" time="0.0" classname="testcase.TC_LoginTest">
          <skipped />
    </testcase>
            <testcase name="takeScreenshot" time="0.0" classname="testcase.TC_LoginTest">
          <skipped />
    </testcase>
            <testcase name="takeScreenshot" time="0.0" classname="testcase.TC_LoginTest">
          <skipped />
    </testcase>
            <testcase name="takeScreenshot" time="0.0" classname="testcase.TC_LoginTest">
          <skipped />
    </testcase>
            <testcase name="takeScreenshot" time="0.0" classname="testcase.TC_LoginTest">
          <skipped />
    </testcase>
            <testcase name="takeScreenshot" time="0.0" classname="testcase.TC_LoginTest">
          <skipped />
    </testcase>
            <testcase name="takeScreenshot" time="0.0" classname="testcase.TC_LoginTest">
          <skipped />
    </testcase>
            <testcase name="takeScreenshot" time="0.0" classname="testcase.TC_LoginTest">
          <skipped />
    </testcase>
            <testcase name="takeScreenshot" time="0.0" classname="testcase.TC_LoginTest">
          <skipped />
    </testcase>
            <testcase name="takeScreenshot" time="0.0" classname="testcase.TC_LoginTest">
          <skipped />
    </testcase>
            <testcase name="takeScreenshot" time="0.0" classname="testcase.TC_LoginTest">
          <skipped />
    </testcase>
            <testcase name="takeScreenshot" time="0.0" classname="testcase.TC_LoginTest">
          <skipped />
    </testcase>
            <testcase name="takeScreenshot" time="0.0" classname="testcase.TC_LoginTest">
          <skipped />
    </testcase>
            <testcase name="takeScreenshot" time="0.0" classname="testcase.TC_LoginTest">
          <skipped />
    </testcase>
            <testcase name="takeScreenshot" time="0.0" classname="testcase.TC_LoginTest">
          <skipped />
    </testcase>
            <testcase name="takeScreenshot" time="0.0" classname="testcase.TC_LoginTest">
          <skipped />
    </testcase>
            <testcase name="takeScreenshot" time="0.0" classname="testcase.TC_LoginTest">
          <skipped />
    </testcase>
            <testcase name="takeScreenshot" time="0.0" classname="testcase.TC_LoginTest">
          <skipped />
    </testcase>
            <testcase name="takeScreenshot" time="0.0" classname="testcase.TC_LoginTest">
          <skipped />
    </testcase>
            <testcase name="takeScreenshot" time="0.0" classname="testcase.TC_LoginTest">
          <skipped />
    </testcase>
            <testcase name="takeScreenshot" time="0.0" classname="testcase.TC_LoginTest">
          <skipped />
    </testcase>
            <testcase name="takeScreenshot" time="0.0" classname="testcase.TC_LoginTest">
          <skipped />
    </testcase>
            <testcase name="takeScreenshot" time="0.0" classname="testcase.TC_LoginTest">
          <skipped />
    </testcase>
            <testcase name="takeScreenshot" time="0.0" classname="testcase.TC_LoginTest">
          <skipped />
    </testcase>
            <testcase name="takeScreenshot" time="0.0" classname="testcase.TC_LoginTest">
          <skipped />
    </testcase>
            <testcase name="takeScreenshot" time="0.0" classname="testcase.TC_LoginTest">
          <skipped />
    </testcase>
            <testcase name="takeScreenshot" time="0.0" classname="testcase.TC_LoginTest">
          <skipped />
    </testcase>
            <testcase name="takeScreenshot" time="0.0" classname="testcase.TC_LoginTest">
          <skipped />
    </testcase>
            <testcase name="takeScreenshot" time="0.0" classname="testcase.TC_LoginTest">
          <skipped />
    </testcase>
            <testcase name="takeScreenshot" time="0.0" classname="testcase.TC_LoginTest">
          <skipped />
    </testcase>
            <testcase name="takeScreenshot" time="0.0" classname="testcase.TC_LoginTest">
          <skipped />
    </testcase>
            <testcase name="takeScreenshot" time="0.0" classname="testcase.TC_LoginTest">
          <skipped />
    </testcase>
            <testcase name="takeScreenshot" time="0.0" classname="testcase.TC_LoginTest">
          <skipped />
    </testcase>
            <testcase name="takeScreenshot" time="0.0" classname="testcase.TC_LoginTest">
          <skipped />
    </testcase>
            <testcase name="takeScreenshot" time="0.0" classname="testcase.TC_LoginTest">
          <skipped />
    </testcase>
            <testcase name="takeScreenshot" time="0.0" classname="testcase.TC_LoginTest">
          <skipped />
    </testcase>
            <testcase name="takeScreenshot" time="0.0" classname="testcase.TC_LoginTest">
          <skipped />
    </testcase>
            <testcase name="takeScreenshot" time="0.0" classname="testcase.TC_LoginTest">
          <skipped />
    </testcase>
            <testcase name="takeScreenshot" time="0.0" classname="testcase.TC_LoginTest">
          <skipped />
    </testcase>
            <testcase name="takeScreenshot" time="0.0" classname="testcase.TC_LoginTest">
          <skipped />
    </testcase>
            <testcase name="takeScreenshot" time="0.0" classname="testcase.TC_LoginTest">
          <skipped />
    </testcase>
            <testcase name="takeScreenshot" time="0.0" classname="testcase.TC_LoginTest">
          <skipped />
    </testcase>
            <testcase name="takeScreenshot" time="0.0" classname="testcase.TC_LoginTest">
          <skipped />
    </testcase>
            <testcase name="takeScreenshot" time="0.0" classname="testcase.TC_LoginTest">
          <skipped />
    </testcase>
            <testcase name="takeScreenshot" time="0.0" classname="testcase.TC_LoginTest">
          <skipped />
    </testcase>
            <testcase name="takeScreenshot" time="0.0" classname="testcase.TC_LoginTest">
          <skipped />
    </testcase>
            <testcase name="takeScreenshot" time="0.0" classname="testcase.TC_LoginTest">
          <skipped />
    </testcase>
            <testcase name="takeScreenshot" time="0.0" classname="testcase.TC_LoginTest">
          <skipped />
    </testcase>
            <testcase name="takeScreenshot" time="0.0" classname="testcase.TC_LoginTest">
          <skipped />
    </testcase>
            <testcase name="takeScreenshot" time="0.0" classname="testcase.TC_LoginTest">
          <skipped />
    </testcase>
            <testcase name="takeScreenshot" time="0.0" classname="testcase.TC_LoginTest">
          <skipped />
    </testcase>
            <testcase name="takeScreenshot" time="0.0" classname="testcase.TC_LoginTest">
          <skipped />
    </testcase>
            <testcase name="takeScreenshot" time="0.0" classname="testcase.TC_LoginTest">
          <skipped />
    </testcase>
            <testcase name="takeScreenshot" time="0.0" classname="testcase.TC_LoginTest">
          <skipped />
    </testcase>
            <testcase name="takeScreenshot" time="0.0" classname="testcase.TC_LoginTest">
          <skipped />
    </testcase>
            <testcase name="takeScreenshot" time="0.0" classname="testcase.TC_LoginTest">
          <skipped />
    </testcase>
            <testcase name="takeScreenshot" time="0.0" classname="testcase.TC_LoginTest">
          <skipped />
    </testcase>
            <testcase name="takeScreenshot" time="0.0" classname="testcase.TC_LoginTest">
          <skipped />
    </testcase>
            <testcase name="takeScreenshot" time="0.0" classname="testcase.TC_LoginTest">
          <skipped />
    </testcase>
            <testcase name="takeScreenshot" time="0.0" classname="testcase.TC_LoginTest">
          <skipped />
    </testcase>
            <testcase name="takeScreenshot" time="0.0" classname="testcase.TC_LoginTest">
          <skipped />
    </testcase>
            <testcase name="takeScreenshot" time="0.0" classname="testcase.TC_LoginTest">
          <skipped />
    </testcase>
            <testcase name="takeScreenshot" time="0.0" classname="testcase.TC_LoginTest">
          <skipped />
    </testcase>
            <testcase name="takeScreenshot" time="0.0" classname="testcase.TC_LoginTest">
          <skipped />
    </testcase>
            <testcase name="takeScreenshot" time="0.0" classname="testcase.TC_LoginTest">
          <skipped />
    </testcase>
            <testcase name="takeScreenshot" time="0.0" classname="testcase.TC_LoginTest">
          <skipped />
    </testcase>
            <testcase name="takeScreenshot" time="0.0" classname="testcase.TC_LoginTest">
          <skipped />
    </testcase>
            <testcase name="takeScreenshot" time="0.0" classname="testcase.TC_LoginTest">
          <skipped />
    </testcase>
            <testcase name="takeScreenshot" time="0.0" classname="testcase.TC_LoginTest">
          <skipped />
    </testcase>
            <testcase name="takeScreenshot" time="0.0" classname="testcase.TC_LoginTest">
          <skipped />
    </testcase>
            <testcase name="takeScreenshot" time="0.0" classname="testcase.TC_LoginTest">
          <skipped />
    </testcase>
            <testcase name="takeScreenshot" time="0.0" classname="testcase.TC_LoginTest">
          <skipped />
    </testcase>
            <testcase name="takeScreenshot" time="0.0" classname="testcase.TC_LoginTest">
          <skipped />
    </testcase>
            <testcase name="takeScreenshot" time="0.0" classname="testcase.TC_LoginTest">
          <skipped />
    </testcase>
            <testcase name="takeScreenshot" time="0.0" classname="testcase.TC_LoginTest">
          <skipped />
    </testcase>
            <testcase name="takeScreenshot" time="0.0" classname="testcase.TC_LoginTest">
          <skipped />
    </testcase>
            <testcase name="takeScreenshot" time="0.0" classname="testcase.TC_LoginTest">
          <skipped />
    </testcase>
            <testcase name="takeScreenshot" time="0.0" classname="testcase.TC_LoginTest">
          <skipped />
    </testcase>
            <testcase name="takeScreenshot" time="0.0" classname="testcase.TC_LoginTest">
          <skipped />
    </testcase>
            <testcase name="takeScreenshot" time="0.0" classname="testcase.TC_LoginTest">
          <skipped />
    </testcase>
            <testcase name="takeScreenshot" time="0.0" classname="testcase.TC_LoginTest">
          <skipped />
    </testcase>
            <testcase name="takeScreenshot" time="0.0" classname="testcase.TC_LoginTest">
          <skipped />
    </testcase>
            <testcase name="takeScreenshot" time="0.0" classname="testcase.TC_LoginTest">
          <skipped />
    </testcase>
            <testcase name="takeScreenshot" time="0.0" classname="testcase.TC_LoginTest">
          <skipped />
    </testcase>
            <testcase name="takeScreenshot" time="0.0" classname="testcase.TC_LoginTest">
          <skipped />
    </testcase>
            <testcase name="takeScreenshot" time="0.0" classname="testcase.TC_LoginTest">
          <skipped />
    </testcase>
            <testcase name="takeScreenshot" time="0.0" classname="testcase.TC_LoginTest">
          <skipped />
    </testcase>
            <testcase name="takeScreenshot" time="0.0" classname="testcase.TC_LoginTest">
          <skipped />
    </testcase>
            <testcase name="takeScreenshot" time="0.0" classname="testcase.TC_LoginTest">
          <skipped />
    </testcase>
            <testcase name="takeScreenshot" time="0.0" classname="testcase.TC_LoginTest">
          <skipped />
    </testcase>
            <testcase name="takeScreenshot" time="0.0" classname="testcase.TC_LoginTest">
          <skipped />
    </testcase>
            <testcase name="takeScreenshot" time="0.0" classname="testcase.TC_LoginTest">
          <skipped />
    </testcase>
            <testcase name="takeScreenshot" time="0.0" classname="testcase.TC_LoginTest">
          <skipped />
    </testcase>
            <testcase name="takeScreenshot" time="0.0" classname="testcase.TC_LoginTest">
          <skipped />
    </testcase>
            <testcase name="takeScreenshot" time="0.0" classname="testcase.TC_LoginTest">
[...]
          <skipped />
    </testcase>
            <testcase name="TC01_LoginFirstAccount" time="0.0" classname="testcase.TC_LoginTest">
          <skipped />
    </testcase>
            <testcase name="TC01_LoginFirstAccount" time="0.0" classname="testcase.TC_LoginTest">
          <skipped />
    </testcase>
            <testcase name="TC01_LoginFirstAccount" time="0.0" classname="testcase.TC_LoginTest">
          <skipped />
    </testcase>
            <testcase name="TC01_LoginFirstAccount" time="0.0" classname="testcase.TC_LoginTest">
          <skipped />
    </testcase>
            <testcase name="TC01_LoginFirstAccount" time="0.0" classname="testcase.TC_LoginTest">
          <skipped />
    </testcase>
            <testcase name="TC01_LoginFirstAccount" time="0.0" classname="testcase.TC_LoginTest">
          <skipped />
    </testcase>
            <testcase name="TC01_LoginFirstAccount" time="0.0" classname="testcase.TC_LoginTest">
          <skipped />
    </testcase>
            <testcase name="TC01_LoginFirstAccount" time="0.0" classname="testcase.TC_LoginTest">
          <skipped />
    </testcase>
            <testcase name="TC01_LoginFirstAccount" time="0.0" classname="testcase.TC_LoginTest">
          <skipped />
    </testcase>
            <testcase name="TC01_LoginFirstAccount" time="0.0" classname="testcase.TC_LoginTest">
          <skipped />
    </testcase>
            <testcase name="TC01_LoginFirstAccount" time="0.0" classname="testcase.TC_LoginTest">
          <skipped />
    </testcase>
            <testcase name="TC01_LoginFirstAccount" time="0.0" classname="testcase.TC_LoginTest">
          <skipped />
    </testcase>
            <testcase name="TC01_LoginFirstAccount" time="0.0" classname="testcase.TC_LoginTest">
          <skipped />
    </testcase>
            <testcase name="TC01_LoginFirstAccount" time="0.0" classname="testcase.TC_LoginTest">
          <skipped />
    </testcase>
            <testcase name="TC01_LoginFirstAccount" time="0.0" classname="testcase.TC_LoginTest">
          <skipped />
    </testcase>
            <testcase name="TC01_LoginFirstAccount" time="0.0" classname="testcase.TC_LoginTest">
          <skipped />
    </testcase>
            <testcase name="TC01_LoginFirstAccount" time="0.0" classname="testcase.TC_LoginTest">
          <skipped />
    </testcase>
            <testcase name="TC01_LoginFirstAccount" time="0.0" classname="testcase.TC_LoginTest">
          <skipped />
    </testcase>
            <testcase name="TC01_LoginFirstAccount" time="0.0" classname="testcase.TC_LoginTest">
          <skipped />
    </testcase>
            <testcase name="TC01_LoginFirstAccount" time="0.0" classname="testcase.TC_LoginTest">
          <skipped />
    </testcase>
            <testcase name="TC01_LoginFirstAccount" time="0.0" classname="testcase.TC_LoginTest">
          <skipped />
    </testcase>
            <testcase name="TC01_LoginFirstAccount" time="0.0" classname="testcase.TC_LoginTest">
          <skipped />
    </testcase>
            <testcase name="TC01_LoginFirstAccount" time="0.0" classname="testcase.TC_LoginTest">
          <skipped />
    </testcase>
            <testcase name="TC01_LoginFirstAccount" time="0.0" classname="testcase.TC_LoginTest">
          <skipped />
    </testcase>
            <testcase name="TC01_LoginFirstAccount" time="0.0" classname="testcase.TC_LoginTest">
          <skipped />
    </testcase>
            <testcase name="TC01_LoginFirstAccount" time="0.0" classname="testcase.TC_LoginTest">
          <skipped />
    </testcase>
            <testcase name="TC01_LoginFirstAccount" time="0.0" classname="testcase.TC_LoginTest">
          <skipped />
    </testcase>
            <testcase name="TC01_LoginFirstAccount" time="0.0" classname="testcase.TC_LoginTest">
          <skipped />
    </testcase>
            <testcase name="TC01_LoginFirstAccount" time="0.0" classname="testcase.TC_LoginTest">
          <skipped />
    </testcase>
            <testcase name="TC01_LoginFirstAccount" time="0.0" classname="testcase.TC_LoginTest">
          <skipped />
    </testcase>
            <testcase name="TC01_LoginFirstAccount" time="0.0" classname="testcase.TC_LoginTest">
          <skipped />
    </testcase>
            <testcase name="TC01_LoginFirstAccount" time="0.0" classname="testcase.TC_LoginTest">
          <skipped />
    </testcase>
            <testcase name="TC01_LoginFirstAccount" time="0.0" classname="testcase.TC_LoginTest">
          <skipped />
    </testcase>
            <testcase name="TC01_LoginFirstAccount" time="0.0" classname="testcase.TC_LoginTest">
          <skipped />
    </testcase>
            <testcase name="TC01_LoginFirstAccount" time="0.0" classname="testcase.TC_LoginTest">
          <skipped />
    </testcase>
            <testcase name="TC01_LoginFirstAccount" time="0.0" classname="testcase.TC_LoginTest">
          <skipped />
    </testcase>
            <testcase name="TC01_LoginFirstAccount" time="0.0" classname="testcase.TC_LoginTest">
          <skipped />
    </testcase>
            <testcase name="TC01_LoginFirstAccount" time="0.0" classname="testcase.TC_LoginTest">
          <skipped />
    </testcase>
            <testcase name="TC01_LoginFirstAccount" time="0.0" classname="testcase.TC_LoginTest">
          <skipped />
    </testcase>
            <testcase name="TC01_LoginFirstAccount" time="0.0" classname="testcase.TC_LoginTest">
          <skipped />
    </testcase>
            <testcase name="TC01_LoginFirstAccount" time="0.0" classname="testcase.TC_LoginTest">
          <skipped />
    </testcase>
            <testcase name="TC01_LoginFirstAccount" time="0.0" classname="testcase.TC_LoginTest">
          <skipped />
    </testcase>
            <testcase name="TC01_LoginFirstAccount" time="0.0" classname="testcase.TC_LoginTest">
          <skipped />
    </testcase>
            <testcase name="TC01_LoginFirstAccount" time="0.0" classname="testcase.TC_LoginTest">
          <skipped />
    </testcase>
            <testcase name="TC01_LoginFirstAccount" time="0.0" classname="testcase.TC_LoginTest">
          <skipped />
    </testcase>
            <testcase name="TC01_LoginFirstAccount" time="0.0" classname="testcase.TC_LoginTest">
          <skipped />
    </testcase>
            <testcase name="TC01_LoginFirstAccount" time="0.0" classname="testcase.TC_LoginTest">
          <skipped />
    </testcase>
            <testcase name="TC01_LoginFirstAccount" time="0.0" classname="testcase.TC_LoginTest">
          <skipped />
    </testcase>
            <testcase name="TC01_LoginFirstAccount" time="0.0" classname="testcase.TC_LoginTest">
          <skipped />
    </testcase>
            <testcase name="TC01_LoginFirstAccount" time="0.0" classname="testcase.TC_LoginTest">
          <skipped />
    </testcase>
            <testcase name="TC01_LoginFirstAccount" time="0.0" classname="testcase.TC_LoginTest">
          <skipped />
    </testcase>
            <testcase name="TC01_LoginFirstAccount" time="0.0" classname="testcase.TC_LoginTest">
          <skipped />
    </testcase>
            <testcase name="TC01_LoginFirstAccount" time="0.0" classname="testcase.TC_LoginTest">
          <skipped />
    </testcase>
            <testcase name="TC01_LoginFirstAccount" time="0.0" classname="testcase.TC_LoginTest">
          <skipped />
    </testcase>
            <testcase name="TC01_LoginFirstAccount" time="0.0" classname="testcase.TC_LoginTest">
          <skipped />
    </testcase>
            <testcase name="TC01_LoginFirstAccount" time="0.0" classname="testcase.TC_LoginTest">
          <skipped />
    </testcase>
            <testcase name="TC01_LoginFirstAccount" time="0.0" classname="testcase.TC_LoginTest">
          <skipped />
    </testcase>
            <testcase name="TC01_LoginFirstAccount" time="0.0" classname="testcase.TC_LoginTest">
          <skipped />
    </testcase>
            <testcase name="TC01_LoginFirstAccount" time="0.0" classname="testcase.TC_LoginTest">
          <skipped />
    </testcase>
            <testcase name="TC01_LoginFirstAccount" time="0.0" classname="testcase.TC_LoginTest">
          <skipped />
    </testcase>
            <testcase name="TC01_LoginFirstAccount" time="0.0" classname="testcase.TC_LoginTest">
          <skipped />
    </testcase>
            <testcase name="TC01_LoginFirstAccount" time="0.0" classname="testcase.TC_LoginTest">
          <skipped />
    </testcase>
            <testcase name="TC01_LoginFirstAccount" time="0.0" classname="testcase.TC_LoginTest">
          <skipped />
    </testcase>
            <testcase name="TC01_LoginFirstAccount" time="0.0" classname="testcase.TC_LoginTest">
          <skipped />
    </testcase>
            <testcase name="TC01_LoginFirstAccount" time="0.0" classname="testcase.TC_LoginTest">
          <skipped />
    </testcase>
            <testcase name="TC01_LoginFirstAccount" time="0.0" classname="testcase.TC_LoginTest">
          <skipped />
    </testcase>
            <testcase name="TC01_LoginFirstAccount" time="0.0" classname="testcase.TC_LoginTest">
          <skipped />
    </testcase>
            <testcase name="TC01_LoginFirstAccount" time="0.0" classname="testcase.TC_LoginTest">
          <skipped />
    </testcase>
            <testcase name="TC01_LoginFirstAccount" time="0.0" classname="testcase.TC_LoginTest">
          <skipped />
    </testcase>
            <testcase name="TC01_LoginFirstAccount" time="0.0" classname="testcase.TC_LoginTest">
          <skipped />
    </testcase>
            <testcase name="TC01_LoginFirstAccount" time="0.0" classname="testcase.TC_LoginTest">
          <skipped />
    </testcase>
            <testcase name="TC01_LoginFirstAccount" time="0.0" classname="testcase.TC_LoginTest">
          <skipped />
    </testcase>
            <testcase name="TC01_LoginFirstAccount" time="0.0" classname="testcase.TC_LoginTest">
          <skipped />
    </testcase>
            <testcase name="TC01_LoginFirstAccount" time="0.0" classname="testcase.TC_LoginTest">
          <skipped />
    </testcase>
            <testcase name="TC01_LoginFirstAccount" time="0.0" classname="testcase.TC_LoginTest">
          <skipped />
    </testcase>
            <testcase name="TC01_LoginFirstAccount" time="0.0" classname="testcase.TC_LoginTest">
          <skipped />
    </testcase>
            <testcase name="TC01_LoginFirstAccount" time="0.0" classname="testcase.TC_LoginTest">
          <skipped />
    </testcase>
            <testcase name="TC01_LoginFirstAccount" time="0.0" classname="testcase.TC_LoginTest">
          <skipped />
    </testcase>
            <testcase name="TC01_LoginFirstAccount" time="0.0" classname="testcase.TC_LoginTest">
          <skipped />
    </testcase>
            <testcase name="TC01_LoginFirstAccount" time="0.0" classname="testcase.TC_LoginTest">
          <skipped />
    </testcase>
            <testcase name="TC01_LoginFirstAccount" time="0.0" classname="testcase.TC_LoginTest">
          <skipped />
    </testcase>
            <testcase name="TC01_LoginFirstAccount" time="0.0" classname="testcase.TC_LoginTest">
          <skipped />
    </testcase>
            <testcase name="TC01_LoginFirstAccount" time="0.0" classname="testcase.TC_LoginTest">
          <skipped />
    </testcase>
            <testcase name="TC01_LoginFirstAccount" time="0.0" classname="testcase.TC_LoginTest">
          <skipped />
    </testcase>
            <testcase name="TC01_LoginFirstAccount" time="0.0" classname="testcase.TC_LoginTest">
          <skipped />
    </testcase>
            <testcase name="TC01_LoginFirstAccount" time="0.0" classname="testcase.TC_LoginTest">
          <skipped />
    </testcase>
            <testcase name="TC01_LoginFirstAccount" time="0.0" classname="testcase.TC_LoginTest">
          <skipped />
    </testcase>
            <testcase name="TC01_LoginFirstAccount" time="0.0" classname="testcase.TC_LoginTest">
          <skipped />
    </testcase>
            <testcase name="TC01_LoginFirstAccount" time="0.0" classname="testcase.TC_LoginTest">
          <skipped />
    </testcase>
            <testcase name="TC01_LoginFirstAccount" time="0.0" classname="testcase.TC_LoginTest">
          <skipped />
    </testcase>
            <testcase name="TC01_LoginFirstAccount" time="0.0" classname="testcase.TC_LoginTest">
          <skipped />
    </testcase>
            <testcase name="TC01_LoginFirstAccount" time="0.0" classname="testcase.TC_LoginTest">
          <skipped />
    </testcase>
            <testcase name="TC01_LoginFirstAccount" time="0.0" classname="testcase.TC_LoginTest">
          <skipped />
    </testcase>
            <testcase name="TC01_LoginFirstAccount" time="0.0" classname="testcase.TC_LoginTest">
          <skipped />
    </testcase>
            <testcase name="TC01_LoginFirstAccount" time="0.0" classname="testcase.TC_LoginTest">
          <skipped />
    </testcase>
            <testcase name="TC01_LoginFirstAccount" time="0.0" classname="testcase.TC_LoginTest">
          <skipped />
    </testcase>
            <testcase name="TC01_LoginFirstAccount" time="0.0" classname="testcase.TC_LoginTest">
          <skipped />
    </testcase>
            <testcase name="TC01_LoginFirstAccount" time="0.0" classname="testcase.TC_LoginTest">
          <skipped />
    </testcase>
            <testcase name="TC01_LoginFirstAccount" time="0.0" classname="testcase.TC_LoginTest">
          <skipped />
    </testcase>
            <testcase name="TC01_LoginFirstAccount" time="0.0" classname="testcase.TC_LoginTest">
          <skipped />
    </testcase>
            <testcase name="TC01_LoginFirstAccount" time="0.0" classname="testcase.TC_LoginTest">
          <skipped />
    </testcase>
            <testcase name="TC01_LoginFirstAccount" time="0.0" classname="testcase.TC_LoginTest">
          <skipped />
    </testcase>
            <testcase name="TC01_LoginFirstAccount" time="0.0" classname="testcase.TC_LoginTest">
          <skipped />
    </testcase>
            <testcase name="TC01_LoginFirstAccount" time="0.0" classname="testcase.TC_LoginTest">
          <skipped />
    </testcase>
            <testcase name="TC01_LoginFirstAccount" time="0.0" classname="testcase.TC_LoginTest">
          <skipped />
    </testcase>
            <testcase name="TC01_LoginFirstAccount" time="0.0" classname="testcase.TC_LoginTest">
          <skipped />
    </testcase>
            <testcase name="TC01_LoginFirstAccount" time="0.0" classname="testcase.TC_LoginTest">
          <skipped />
    </testcase>
            <testcase name="TC01_LoginFirstAccount" time="0.0" classname="testcase.TC_LoginTest">
          <skipped />
    </testcase>
            <testcase name="TC01_LoginFirstAccount" time="0.0" classname="testcase.TC_LoginTest">
          <skipped />
    </testcase>
            <testcase name="TC01_LoginFirstAccount" time="0.0" classname="testcase.TC_LoginTest">
          <skipped />
    </testcase>
            <testcase name="TC01_LoginFirstAccount" time="0.0" classname="testcase.TC_LoginTest">
          <skipped />
    </testcase>
            <testcase name="TC01_LoginFirstAccount" time="0.0" classname="testcase.TC_LoginTest">
          <skipped />
    </testcase>
            <testcase name="TC01_LoginFirstAccount" time="0.0" classname="testcase.TC_LoginTest">
          <skipped />
    </testcase>
            <testcase name="TC01_LoginFirstAccount" time="0.0" classname="testcase.TC_LoginTest">
          <skipped />
    </testcase>
            <testcase name="TC01_LoginFirstAccount" time="0.0" classname="testcase.TC_LoginTest">
          <skipped />
    </testcase>
            <testcase name="TC01_LoginFirstAccount" time="0.0" classname="testcase.TC_LoginTest">
          <skipped />
    </testcase>
            <testcase name="TC01_LoginFirstAccount" time="0.0" classname="testcase.TC_LoginTest">
          <skipped />
    </testcase>
            <testcase name="TC01_LoginFirstAccount" time="0.0" classname="testcase.TC_LoginTest">
          <skipped />
    </testcase>
            <testcase name="TC01_LoginFirstAccount" time="0.0" classname="testcase.TC_LoginTest">
          <skipped />
    </testcase>
            <testcase name="TC01_LoginFirstAccount" time="0.0" classname="testcase.TC_LoginTest">
          <skipped />
    </testcase>
            <testcase name="TC01_LoginFirstAccount" time="0.0" classname="testcase.TC_LoginTest">
          <skipped />
    </testcase>
            <testcase name="TC01_LoginFirstAccount" time="0.0" classname="testcase.TC_LoginTest">
          <skipped />
    </testcase>
            <testcase name="TC01_LoginFirstAccount" time="0.0" classname="testcase.TC_LoginTest">
          <skipped />
    </testcase>
            <testcase name="TC01_LoginFirstAccount" time="0.0" classname="testcase.TC_LoginTest">
          <skipped />
    </testcase>
            <testcase name="TC01_LoginFirstAccount" time="0.0" classname="testcase.TC_LoginTest">
          <skipped />
    </testcase>
            <testcase name="TC01_LoginFirstAccount" time="0.0" classname="testcase.TC_LoginTest">
          <skipped />
    </testcase>
            <testcase name="TC01_LoginFirstAccount" time="0.0" classname="testcase.TC_LoginTest">
          <skipped />
    </testcase>
            <testcase name="TC01_LoginFirstAccount" time="0.0" classname="testcase.TC_LoginTest">
          <skipped />
    </testcase>
            <testcase name="TC01_LoginFirstAccount" time="0.0" classname="testcase.TC_LoginTest">
          <skipped />
    </testcase>
            <testcase name="TC01_LoginFirstAccount" time="0.0" classname="testcase.TC_LoginTest">
          <skipped />
    </testcase>
            <testcase name="TC01_LoginFirstAccount" time="0.0" classname="testcase.TC_LoginTest">
          <skipped />
    </testcase>
            <testcase name="TC01_LoginFirstAccount" time="0.0" classname="testcase.TC_LoginTest">
          <skipped />
    </testcase>
            <testcase name="TC01_LoginFirstAccount" time="0.0" classname="testcase.TC_LoginTest">
          <skipped />
    </testcase>
            <testcase name="TC01_LoginFirstAccount" time="0.0" classname="testcase.TC_LoginTest">
          <skipped />
    </testcase>
            <testcase name="TC01_LoginFirstAccount" time="0.0" classname="testcase.TC_LoginTest">
          <skipped />
    </testcase>
            <testcase name="TC01_LoginFirstAccount" time="0.0" classname="testcase.TC_LoginTest">
          <skipped />
    </testcase>
            <testcase name="TC01_LoginFirstAccount" time="0.0" classname="testcase.TC_LoginTest">
          <skipped />
    </testcase>
            <testcase name="TC01_LoginFirstAccount" time="0.0" classname="testcase.TC_LoginTest">
          <skipped />
    </testcase>
            <testcase name="TC01_LoginFirstAccount" time="0.0" classname="testcase.TC_LoginTest">
          <skipped />
    </testcase>
            <testcase name="TC01_LoginFirstAccount" time="0.0" classname="testcase.TC_LoginTest">
          <skipped />
    </testcase>
            <testcase name="TC01_LoginFirstAccount" time="0.0" classname="testcase.TC_LoginTest">
          <skipped />
    </testcase>
            <testcase name="TC01_LoginFirstAccount" time="0.0" classname="testcase.TC_LoginTest">
          <skipped />
    </testcase>
            <testcase name="TC01_LoginFirstAccount" time="0.0" classname="testcase.TC_LoginTest">
          <skipped />
    </testcase>
            <testcase name="TC01_LoginFirstAccount" time="0.0" classname="testcase.TC_LoginTest">
          <skipped />
    </testcase>
            <testcase name="TC01_LoginFirstAccount" time="0.0" classname="testcase.TC_LoginTest">
          <skipped />
    </testcase>
            <testcase name="TC01_LoginFirstAccount" time="0.0" classname="testcase.TC_LoginTest">
          <skipped />
    </testcase>
  
  
</testsuite>
